*** Using Compiler 'V5.06 update 5 (build 528)', folder: 'C:\Keil_v5\ARM\ARMCC\Bin'
Rebuild target 'Target 1'
compiling OLED_Data.c...
compiling Delay.c...
compiling misc.c...
compiling OLED.c...
compiling stm32f10x_adc.c...
compiling stm32f10x_bkp.c...
compiling stm32f10x_can.c...
compiling stm32f10x_crc.c...
compiling stm32f10x_cec.c...
compiling stm32f10x_dac.c...
compiling stm32f10x_dbgmcu.c...
compiling stm32f10x_dma.c...
compiling stm32f10x_exti.c...
compiling stm32f10x_fsmc.c...
compiling stm32f10x_flash.c...
compiling stm32f10x_gpio.c...
compiling stm32f10x_iwdg.c...
compiling stm32f10x_i2c.c...
compiling stm32f10x_pwr.c...
compiling stm32f10x_rtc.c...
compiling stm32f10x_rcc.c...
compiling stm32f10x_sdio.c...
compiling stm32f10x_spi.c...
compiling stm32f10x_usart.c...
compiling stm32f10x_tim.c...
assembling startup_stm32f10x_md.s...
compiling core_cm3.c...
compiling stm32f10x_wwdg.c...
compiling system_stm32f10x.c...
compiling stm32f10x_it.c...
compiling main.c...
compiling key.c...
Hardware\key.c(96): warning:  #1-D: last line of file ends without a newline
  }
Hardware\key.c: 1 warning, 0 errors
compiling systick.c...
Hardware\systick.c(21): warning:  #1-D: last line of file ends without a newline
  }
Hardware\systick.c: 1 warning, 0 errors
compiling encoder.c...
Hardware\encoder.c(65): warning:  #1-D: last line of file ends without a newline
  }
Hardware\encoder.c: 1 warning, 0 errors
linking...
Program Size: Code=2376 RO-data=2460 RW-data=12 ZI-data=2660  
".\Objects\stm32proj.axf" - 0 Error(s), 3 Warning(s).
Build Time Elapsed:  00:00:08
